<?xml version="1.0" encoding="UTF-8"?>
<!-- Generated by org.testng.reporters.JUnitReportReporter -->
<testsuite hostname="LAPTOP-MA8G7UAS" failures="0" tests="1" name="runner.RunCucumberTest" time="2.918" errors="0" timestamp="2025-06-27T09:45:53 IST" skipped="0">
  <testcase classname="runner.RunCucumberTest" name="runScenario" time="2.918"/>
</testsuite> <!-- runner.RunCucumberTest -->
