<?xml version="1.0" encoding="UTF-8"?>
<!-- Generated by org.testng.reporters.JUnitReportReporter -->
<testsuite hostname="LAPTOP-MA8G7UAS" failures="0" tests="2" name="runner.RunCucumberTest" time="4.451" errors="0" timestamp="2025-06-29T07:43:36 IST" skipped="0">
  <testcase classname="runner.RunCucumberTest" name="runScenario" time="1.994"/>
  <testcase classname="runner.RunCucumberTest" name="runScenario" time="2.457"/>
</testsuite> <!-- runner.RunCucumberTest -->
